C:\USERS\TBROSCH\DOCUMENTS\CPSC 540\GAUSSIANPROCESSES\DEBUG\GAUSSIANPROCESSES.DLL
C:\Users\tbrosch\Documents\CPSC 540\GaussianProcesses\Debug\GaussianProcesses.exp
C:\USERS\TBROSCH\DOCUMENTS\CPSC 540\GAUSSIANPROCESSES\DEBUG\GAUSSIANPROCESSES.ILK
C:\USERS\TBROSCH\DOCUMENTS\CPSC 540\GAUSSIANPROCESSES\DEBUG\GAUSSIANPROCESSES.LIB
C:\USERS\TBROSCH\DOCUMENTS\CPSC 540\GAUSSIANPROCESSES\DEBUG\GAUSSIANPROCESSES.PDB
C:\USERS\TBROSCH\DOCUMENTS\CPSC 540\GAUSSIANPROCESSES\GAUSSIANPROCESSES\DEBUG\CHOLESKYDECOMPOSITION.OBJ
C:\Users\tbrosch\Documents\CPSC 540\GaussianProcesses\GaussianProcesses\Debug\cl.command.1.tlog
C:\Users\tbrosch\Documents\CPSC 540\GaussianProcesses\GaussianProcesses\Debug\CL.read.1.tlog
C:\Users\tbrosch\Documents\CPSC 540\GaussianProcesses\GaussianProcesses\Debug\CL.write.1.tlog
C:\USERS\TBROSCH\DOCUMENTS\CPSC 540\GAUSSIANPROCESSES\GAUSSIANPROCESSES\DEBUG\GAUSSIANPROCESSES.DLL.INTERMEDIATE.MANIFEST
C:\Users\tbrosch\Documents\CPSC 540\GaussianProcesses\GaussianProcesses\Debug\GaussianProcesses.write.1.tlog
C:\USERS\TBROSCH\DOCUMENTS\CPSC 540\GAUSSIANPROCESSES\GAUSSIANPROCESSES\DEBUG\GP.OBJ
C:\USERS\TBROSCH\DOCUMENTS\CPSC 540\GAUSSIANPROCESSES\GAUSSIANPROCESSES\DEBUG\GPREGRESSION.OBJ
C:\USERS\TBROSCH\DOCUMENTS\CPSC 540\GAUSSIANPROCESSES\GAUSSIANPROCESSES\DEBUG\INTERFACE.OBJ
C:\USERS\TBROSCH\DOCUMENTS\CPSC 540\GAUSSIANPROCESSES\GAUSSIANPROCESSES\DEBUG\INTSPLITTER.OBJ
C:\Users\tbrosch\Documents\CPSC 540\GaussianProcesses\GaussianProcesses\Debug\lib.command.1.tlog
C:\Users\tbrosch\Documents\CPSC 540\GaussianProcesses\GaussianProcesses\Debug\Lib-link.read.1.tlog
C:\Users\tbrosch\Documents\CPSC 540\GaussianProcesses\GaussianProcesses\Debug\Lib-link.write.1.tlog
C:\Users\tbrosch\Documents\CPSC 540\GaussianProcesses\GaussianProcesses\Debug\link.command.1.tlog
C:\Users\tbrosch\Documents\CPSC 540\GaussianProcesses\GaussianProcesses\Debug\link.read.1.tlog
C:\Users\tbrosch\Documents\CPSC 540\GaussianProcesses\GaussianProcesses\Debug\link.write.1.tlog
C:\Users\tbrosch\Documents\CPSC 540\GaussianProcesses\GaussianProcesses\Debug\mt.command.1.tlog
C:\Users\tbrosch\Documents\CPSC 540\GaussianProcesses\GaussianProcesses\Debug\mt.read.1.tlog
C:\Users\tbrosch\Documents\CPSC 540\GaussianProcesses\GaussianProcesses\Debug\mt.write.1.tlog
C:\USERS\TBROSCH\DOCUMENTS\CPSC 540\GAUSSIANPROCESSES\GAUSSIANPROCESSES\DEBUG\PAPER.OBJ
C:\Users\tbrosch\Documents\CPSC 540\GaussianProcesses\GaussianProcesses\Debug\vc100.idb
C:\USERS\TBROSCH\DOCUMENTS\CPSC 540\GAUSSIANPROCESSES\GAUSSIANPROCESSES\DEBUG\VC100.PDB
